[18:40:36] [strixplatform] INFO - |============= Strix-Platform =============|
[18:40:36] [strixplatform] INFO - Configuration file loaded! Strix-Platform: Enabled
[18:40:36] [strixplatform] INFO - Initialized database factory complete
[18:40:36] [strixplatform] INFO - |============= Strix-Platform =============|
[18:41:31] [strixplatform] INFO - |============= Strix-Platform =============|
[18:41:31] [strixplatform] INFO - Configuration file loaded! Strix-Platform: Enabled
[18:41:31] [strixplatform] INFO - Initialized database factory complete
[18:41:31] [strixplatform] INFO - |============= Strix-Platform =============|
[18:42:46] [strixplatform] INFO - |============= Strix-Platform =============|
[18:42:46] [strixplatform] INFO - Configuration file loaded! Strix-Platform: Enabled
[18:42:47] [strixplatform] INFO - Initialized database factory complete
[18:42:47] [strixplatform] INFO - |============= Strix-Platform =============|
[18:49:03] [strixplatform] INFO - Configuration file loaded! Strix-Platform: Enabled
[18:49:03] [strixplatform] INFO - |============= Strix-Platform =============|
[18:49:03] [strixplatform] INFO - Configuration file loaded! Strix-Platform: Enabled
[18:49:03] [strixplatform] INFO - Initialized database factory complete
[18:49:03] [strixplatform] INFO - |============= Strix-Platform =============|
[18:50:30] [strixplatform] INFO - Configuration file loaded! Strix-Platform: Enabled
[18:50:30] [strixplatform] INFO - |============= Strix-Platform =============|
[18:50:30] [strixplatform] INFO - Configuration file loaded! Strix-Platform: Enabled
[18:50:30] [strixplatform] INFO - Initialized database factory complete
[18:50:30] [strixplatform] INFO - |============= Strix-Platform =============|
[18:50:53] [strixplatform] INFO - Configuration file loaded! Strix-Platform: Enabled
[18:50:53] [strixplatform] INFO - |============= Strix-Platform =============|
[18:50:53] [strixplatform] INFO - Configuration file loaded! Strix-Platform: Enabled
[18:50:53] [strixplatform] INFO - Initialized database factory complete
[18:50:53] [strixplatform] INFO - |============= Strix-Platform =============|
[18:53:37] [strixplatform] INFO - Configuration file loaded! Strix-Platform: Enabled
[18:53:37] [strixplatform] INFO - |============= Strix-Platform =============|
[18:53:37] [strixplatform] INFO - Configuration file loaded! Strix-Platform: Enabled
[18:53:38] [strixplatform] INFO - Initialized database factory complete
[18:53:38] [strixplatform] INFO - |============= Strix-Platform =============|
[18:54:10] [strixplatform] INFO - Configuration file loaded! Strix-Platform: Enabled
[18:54:10] [strixplatform] INFO - |============= Strix-Platform =============|
[18:54:10] [strixplatform] INFO - Configuration file loaded! Strix-Platform: Enabled
[18:54:10] [strixplatform] INFO - Initialized database factory complete
[18:54:10] [strixplatform] INFO - |============= Strix-Platform =============|
[18:54:55] [strixplatform] INFO - Configuration file loaded! Strix-Platform: Enabled
[18:54:55] [strixplatform] INFO - |============= Strix-Platform =============|
[18:54:55] [strixplatform] INFO - Configuration file loaded! Strix-Platform: Enabled
[18:54:56] [strixplatform] INFO - Initialized database factory complete
[18:54:56] [strixplatform] INFO - |============= Strix-Platform =============|
[18:58:43] [strixplatform] INFO - Configuration file loaded! Strix-Platform: Enabled
[18:58:43] [strixplatform] INFO - |============= Strix-Platform =============|
[18:58:43] [strixplatform] INFO - Configuration file loaded! Strix-Platform: Enabled
[18:58:43] [strixplatform] INFO - Initialized database factory complete
[18:58:43] [strixplatform] INFO - |============= Strix-Platform =============|
[19:00:42] [strixplatform] INFO - Configuration file loaded! Strix-Platform: Enabled
[19:00:42] [strixplatform] INFO - |============= Strix-Platform =============|
[19:00:42] [strixplatform] INFO - Configuration file loaded! Strix-Platform: Enabled
[19:00:43] [strixplatform] INFO - Initialized database factory complete
[19:00:43] [strixplatform] INFO - |============= Strix-Platform =============|
[19:01:31] [strixplatform] INFO - Configuration file loaded! Strix-Platform: Enabled
[19:01:31] [strixplatform] INFO - |============= Strix-Platform =============|
[19:01:31] [strixplatform] INFO - Configuration file loaded! Strix-Platform: Enabled
[19:01:31] [strixplatform] INFO - Initialized database factory complete
[19:01:31] [strixplatform] INFO - |============= Strix-Platform =============|
[19:02:16] [strixplatform] INFO - Configuration file loaded! Strix-Platform: Enabled
[19:02:16] [strixplatform] INFO - |============= Strix-Platform =============|
[19:02:16] [strixplatform] INFO - Configuration file loaded! Strix-Platform: Enabled
[19:02:16] [strixplatform] INFO - Initialized database factory complete
[19:02:16] [strixplatform] INFO - |============= Strix-Platform =============|
[19:07:10] [strixplatform] INFO - Configuration file loaded! Strix-Platform: Enabled
[19:07:10] [strixplatform] INFO - |============= Strix-Platform =============|
[19:07:10] [strixplatform] INFO - Configuration file loaded! Strix-Platform: Enabled
[19:07:10] [strixplatform] INFO - Initialized database factory complete
[19:07:10] [strixplatform] INFO - |============= Strix-Platform =============|
[19:18:07] [strixplatform] INFO - Configuration file loaded! Strix-Platform: Enabled
[19:18:07] [strixplatform] INFO - |============= Strix-Platform =============|
[19:18:07] [strixplatform] INFO - Configuration file loaded! Strix-Platform: Enabled
[19:18:07] [strixplatform] INFO - Initialized database factory complete
[19:18:07] [strixplatform] INFO - |============= Strix-Platform =============|
[19:18:23] [strixplatform] INFO - Configuration file loaded! Strix-Platform: Enabled
[19:18:23] [strixplatform] INFO - |============= Strix-Platform =============|
[19:18:23] [strixplatform] INFO - Configuration file loaded! Strix-Platform: Enabled
[19:18:24] [strixplatform] INFO - Initialized database factory complete
[19:18:24] [strixplatform] INFO - |============= Strix-Platform =============|
[19:38:42] [strixplatform] INFO - Configuration file loaded! Strix-Platform: Enabled
[19:38:42] [strixplatform] INFO - |============= Strix-Platform =============|
[19:38:42] [strixplatform] INFO - Configuration file loaded! Strix-Platform: Enabled
[19:38:42] [strixplatform] INFO - Initialized database factory complete
[19:38:42] [strixplatform] INFO - |============= Strix-Platform =============|
[19:39:15] [strixplatform] INFO - Configuration file loaded! Strix-Platform: Enabled
[19:39:15] [strixplatform] INFO - |============= Strix-Platform =============|
[19:39:15] [strixplatform] INFO - Configuration file loaded! Strix-Platform: Enabled
[19:39:15] [strixplatform] INFO - Initialized database factory complete
[19:39:15] [strixplatform] INFO - |============= Strix-Platform =============|
[19:40:51] [strixplatform] INFO - Configuration file loaded! Strix-Platform: Enabled
[19:40:51] [strixplatform] INFO - |============= Strix-Platform =============|
[19:40:51] [strixplatform] INFO - Configuration file loaded! Strix-Platform: Enabled
[19:40:52] [strixplatform] INFO - Initialized database factory complete
[19:40:52] [strixplatform] INFO - |============= Strix-Platform =============|
[19:57:35] [strixplatform] INFO - Configuration file loaded! Strix-Platform: Enabled
[19:57:35] [strixplatform] INFO - |============= Strix-Platform =============|
[19:57:35] [strixplatform] INFO - Configuration file loaded! Strix-Platform: Enabled
[19:57:35] [strixplatform] INFO - Initialized database factory complete
[19:57:35] [strixplatform] INFO - |============= Strix-Platform =============|
[18:01:01] [strixplatform] INFO - |============= Strix-Platform =============|
[18:01:01] [strixplatform] INFO - Configuration file loaded! Strix-Platform: Enabled
[18:01:01] [strixplatform] INFO - Initialized database factory complete
[18:01:01] [strixplatform] INFO - Loaded [0] banned client HWID data
[18:01:01] [strixplatform] INFO - |============= Strix-Platform =============|
[10:57:53] [strixplatform] INFO - |============= Strix-Platform =============|
[10:57:53] [strixplatform] INFO - Configuration file loaded! Strix-Platform: Enabled
[10:57:53] [strixplatform] INFO - Automatical update check disabled. If needed, see Strix-Platform configuration file from path strix-platform/config/strix_platform_main.properties
[10:57:53] [strixplatform] INFO - Initialized database factory complete
[10:57:53] [strixplatform] INFO - Loaded [0] banned client HWID data
[10:57:53] [strixplatform] INFO - |============= Strix-Platform =============|
[12:50:35] [strixplatform] INFO - |============= Strix-Platform =============|
[12:50:35] [strixplatform] INFO - Configuration file loaded! Strix-Platform: Enabled
[12:50:35] [strixplatform] INFO - Automatical update check disabled. If needed, see Strix-Platform configuration file from path strix-platform/config/strix_platform_main.properties
[12:50:36] [strixplatform] INFO - Initialized database factory complete
[12:50:36] [strixplatform] INFO - Loaded [0] banned client HWID data
[12:50:36] [strixplatform] INFO - |============= Strix-Platform =============|
[12:51:48] [strixplatform] INFO - |============= Strix-Platform =============|
[12:51:48] [strixplatform] INFO - Configuration file loaded! Strix-Platform: Enabled
[12:51:48] [strixplatform] INFO - Automatical update check disabled. If needed, see Strix-Platform configuration file from path strix-platform/config/strix_platform_main.properties
[12:51:48] [strixplatform] INFO - Initialized database factory complete
[12:51:48] [strixplatform] INFO - Loaded [0] banned client HWID data
[12:51:48] [strixplatform] INFO - |============= Strix-Platform =============|
[12:52:13] [strixplatform] INFO - |============= Strix-Platform =============|
[12:52:13] [strixplatform] INFO - Configuration file loaded! Strix-Platform: Enabled
[12:52:13] [strixplatform] INFO - Automatical update check disabled. If needed, see Strix-Platform configuration file from path strix-platform/config/strix_platform_main.properties
[12:52:13] [strixplatform] INFO - Initialized database factory complete
[12:52:13] [strixplatform] INFO - Loaded [0] banned client HWID data
[12:52:13] [strixplatform] INFO - |============= Strix-Platform =============|
[12:53:01] [strixplatform] INFO - |============= Strix-Platform =============|
[12:53:01] [strixplatform] INFO - Configuration file loaded! Strix-Platform: Enabled
[12:53:01] [strixplatform] INFO - Automatical update check disabled. If needed, see Strix-Platform configuration file from path strix-platform/config/strix_platform_main.properties
[12:53:01] [strixplatform] INFO - Initialized database factory complete
[12:53:01] [strixplatform] INFO - Loaded [0] banned client HWID data
[12:53:01] [strixplatform] INFO - |============= Strix-Platform =============|
[12:53:06] [strixplatform] INFO - |============= Strix-Platform =============|
[12:53:06] [strixplatform] INFO - Configuration file loaded! Strix-Platform: Enabled
[12:53:06] [strixplatform] INFO - Automatical update check disabled. If needed, see Strix-Platform configuration file from path strix-platform/config/strix_platform_main.properties
[12:53:06] [strixplatform] INFO - Initialized database factory complete
[12:53:06] [strixplatform] INFO - Loaded [0] banned client HWID data
[12:53:06] [strixplatform] INFO - |============= Strix-Platform =============|
[12:54:49] [strixplatform] INFO - |============= Strix-Platform =============|
[12:54:49] [strixplatform] INFO - Configuration file loaded! Strix-Platform: Enabled
[12:54:49] [strixplatform] INFO - Automatical update check disabled. If needed, see Strix-Platform configuration file from path strix-platform/config/strix_platform_main.properties
[12:54:50] [strixplatform] INFO - Initialized database factory complete
[12:54:50] [strixplatform] INFO - Loaded [0] banned client HWID data
[12:54:50] [strixplatform] INFO - |============= Strix-Platform =============|
[12:58:02] [strixplatform] INFO - |============= Strix-Platform =============|
[12:58:02] [strixplatform] INFO - Configuration file loaded! Strix-Platform: Enabled
[12:58:02] [strixplatform] INFO - Automatical update check disabled. If needed, see Strix-Platform configuration file from path strix-platform/config/strix_platform_main.properties
[12:58:03] [strixplatform] INFO - Initialized database factory complete
[12:58:03] [strixplatform] INFO - Loaded [0] banned client HWID data
[12:58:03] [strixplatform] INFO - |============= Strix-Platform =============|
[13:01:55] [strixplatform] INFO - |============= Strix-Platform =============|
[13:01:55] [strixplatform] INFO - Configuration file loaded! Strix-Platform: Enabled
[13:01:55] [strixplatform] INFO - Automatical update check disabled. If needed, see Strix-Platform configuration file from path strix-platform/config/strix_platform_main.properties
[13:01:55] [strixplatform] INFO - Initialized database factory complete
[13:01:55] [strixplatform] INFO - Loaded [0] banned client HWID data
[13:01:55] [strixplatform] INFO - |============= Strix-Platform =============|
[13:05:56] [strixplatform] INFO - |============= Strix-Platform =============|
[13:05:56] [strixplatform] INFO - Configuration file loaded! Strix-Platform: Enabled
[13:05:56] [strixplatform] INFO - Automatical update check disabled. If needed, see Strix-Platform configuration file from path strix-platform/config/strix_platform_main.properties
[13:05:57] [strixplatform] INFO - Initialized database factory complete
[13:05:57] [strixplatform] INFO - Loaded [0] banned client HWID data
[13:05:57] [strixplatform] INFO - |============= Strix-Platform =============|
[13:06:33] [strixplatform] INFO - |============= Strix-Platform =============|
[13:06:33] [strixplatform] INFO - Configuration file loaded! Strix-Platform: Enabled
[13:06:33] [strixplatform] INFO - Automatical update check disabled. If needed, see Strix-Platform configuration file from path strix-platform/config/strix_platform_main.properties
[13:06:33] [strixplatform] INFO - Initialized database factory complete
[13:06:33] [strixplatform] INFO - Loaded [0] banned client HWID data
[13:06:33] [strixplatform] INFO - |============= Strix-Platform =============|
[13:08:45] [strixplatform] INFO - |============= Strix-Platform =============|
[13:08:45] [strixplatform] INFO - Configuration file loaded! Strix-Platform: Enabled
[13:08:45] [strixplatform] INFO - Automatical update check disabled. If needed, see Strix-Platform configuration file from path strix-platform/config/strix_platform_main.properties
[13:08:45] [strixplatform] INFO - Initialized database factory complete
[13:08:45] [strixplatform] INFO - Loaded [0] banned client HWID data
[13:08:45] [strixplatform] INFO - |============= Strix-Platform =============|
[13:12:57] [strixplatform] INFO - |============= Strix-Platform =============|
[13:12:57] [strixplatform] INFO - Configuration file loaded! Strix-Platform: Enabled
[13:12:57] [strixplatform] INFO - Automatical update check disabled. If needed, see Strix-Platform configuration file from path strix-platform/config/strix_platform_main.properties
[13:12:57] [strixplatform] INFO - Initialized database factory complete
[13:12:57] [strixplatform] INFO - Loaded [0] banned client HWID data
[13:12:57] [strixplatform] INFO - |============= Strix-Platform =============|
[13:19:19] [strixplatform] INFO - |============= Strix-Platform =============|
[13:19:19] [strixplatform] INFO - Configuration file loaded! Strix-Platform: Enabled
[13:19:19] [strixplatform] INFO - Automatical update check disabled. If needed, see Strix-Platform configuration file from path strix-platform/config/strix_platform_main.properties
[13:19:20] [strixplatform] INFO - Initialized database factory complete
[13:19:20] [strixplatform] INFO - Loaded [0] banned client HWID data
[13:19:20] [strixplatform] INFO - |============= Strix-Platform =============|
[13:21:45] [strixplatform] INFO - |============= Strix-Platform =============|
[13:21:45] [strixplatform] INFO - Configuration file loaded! Strix-Platform: Enabled
[13:21:45] [strixplatform] INFO - Automatical update check disabled. If needed, see Strix-Platform configuration file from path strix-platform/config/strix_platform_main.properties
[13:21:45] [strixplatform] INFO - Initialized database factory complete
[13:21:46] [strixplatform] INFO - Loaded [0] banned client HWID data
[13:21:46] [strixplatform] INFO - |============= Strix-Platform =============|
[13:25:45] [strixplatform] INFO - |============= Strix-Platform =============|
[13:25:45] [strixplatform] INFO - Configuration file loaded! Strix-Platform: Enabled
[13:25:45] [strixplatform] INFO - Automatical update check disabled. If needed, see Strix-Platform configuration file from path strix-platform/config/strix_platform_main.properties
[13:25:46] [strixplatform] INFO - Initialized database factory complete
[13:25:46] [strixplatform] INFO - Loaded [0] banned client HWID data
[13:25:46] [strixplatform] INFO - |============= Strix-Platform =============|
[13:28:41] [strixplatform] INFO - |============= Strix-Platform =============|
[13:28:41] [strixplatform] INFO - Configuration file loaded! Strix-Platform: Enabled
[13:28:41] [strixplatform] INFO - Automatical update check disabled. If needed, see Strix-Platform configuration file from path strix-platform/config/strix_platform_main.properties
[13:28:42] [strixplatform] INFO - Initialized database factory complete
[13:28:42] [strixplatform] INFO - Loaded [0] banned client HWID data
[13:28:42] [strixplatform] INFO - |============= Strix-Platform =============|
[13:44:46] [strixplatform] INFO - |============= Strix-Platform =============|
[13:44:46] [strixplatform] INFO - Configuration file loaded! Strix-Platform: Enabled
[13:44:46] [strixplatform] INFO - Automatical update check disabled. If needed, see Strix-Platform configuration file from path strix-platform/config/strix_platform_main.properties
[13:44:47] [strixplatform] INFO - Initialized database factory complete
[13:44:47] [strixplatform] INFO - Loaded [0] banned client HWID data
[13:44:47] [strixplatform] INFO - |============= Strix-Platform =============|
[13:47:22] [strixplatform] INFO - |============= Strix-Platform =============|
[13:47:22] [strixplatform] INFO - Configuration file loaded! Strix-Platform: Enabled
[13:47:22] [strixplatform] INFO - Automatical update check disabled. If needed, see Strix-Platform configuration file from path strix-platform/config/strix_platform_main.properties
[13:47:22] [strixplatform] INFO - Initialized database factory complete
[13:47:23] [strixplatform] INFO - Loaded [0] banned client HWID data
[13:47:23] [strixplatform] INFO - |============= Strix-Platform =============|
[14:56:27] [strixplatform] INFO - |============= Strix-Platform =============|
[14:56:27] [strixplatform] INFO - Configuration file loaded! Strix-Platform: Enabled
[14:56:27] [strixplatform] INFO - Automatical update check disabled. If needed, see Strix-Platform configuration file from path strix-platform/config/strix_platform_main.properties
[14:56:27] [strixplatform] INFO - Initialized database factory complete
[14:56:27] [strixplatform] INFO - Loaded [0] banned client HWID data
[14:56:27] [strixplatform] INFO - |============= Strix-Platform =============|
